[debug] [2019-05-17T15:53:51.523Z] ----------------------------------------------------------------------
[debug] [2019-05-17T15:53:51.525Z] Command:       C:\Program Files\nodejs\node.exe C:\Users\Diego\AppData\Roaming\npm\node_modules\firebase-tools\lib\bin\firebase.js deploy --only functions:mercado_pago_webhooks
[debug] [2019-05-17T15:53:51.525Z] CLI Version:   6.9.2
[debug] [2019-05-17T15:53:51.525Z] Platform:      win32
[debug] [2019-05-17T15:53:51.525Z] Node Version:  v11.1.0
[debug] [2019-05-17T15:53:51.526Z] Time:          Fri May 17 2019 12:53:51 GMT-0300 (GMT-03:00)
[debug] [2019-05-17T15:53:51.526Z] ----------------------------------------------------------------------
[debug] 
[debug] [2019-05-17T15:53:51.536Z] > command requires scopes: ["email","openid","https://www.googleapis.com/auth/cloudplatformprojects.readonly","https://www.googleapis.com/auth/firebase","https://www.googleapis.com/auth/cloud-platform"]
[debug] [2019-05-17T15:53:51.537Z] > authorizing via signed-in user
[debug] [2019-05-17T15:53:51.537Z] [iam] checking project one-sig-uy for permissions ["cloudfunctions.functions.create","cloudfunctions.functions.delete","cloudfunctions.functions.get","cloudfunctions.functions.list","cloudfunctions.functions.update","cloudfunctions.operations.get","firebase.projects.get"]
[debug] [2019-05-17T15:53:51.539Z] >>> HTTP REQUEST POST https://cloudresourcemanager.googleapis.com/v1/projects/one-sig-uy:testIamPermissions  

[debug] [2019-05-17T15:53:53.194Z] <<< HTTP RESPONSE 200
[info] 
[info] === Deploying to 'one-sig-uy'...
[info] 
[info] i  deploying functions
[debug] [2019-05-17T15:53:55.510Z] > [functions] package.json contents: {
  "name": "functions",
  "description": "Cloud Functions for Firebase",
  "scripts": {
    "serve": "firebase serve --only functions",
    "shell": "firebase functions:shell",
    "start": "npm run shell",
    "deploy": "firebase deploy --only functions",
    "logs": "firebase functions:log"
  },
  "dependencies": {
    "@google-cloud/firestore": "1.2.0",
    "axios": "^0.18.0",
    "firebase": "^5.9.2",
    "firebase-admin": "~7.0.0",
    "firebase-functions": "^2.2.0"
  },
  "private": true
}
[info] i  functions: ensuring necessary APIs are enabled...
[debug] [2019-05-17T15:53:55.511Z] >>> HTTP REQUEST GET https://servicemanagement.googleapis.com/v1/services/cloudfunctions.googleapis.com/projectSettings/one-sig-uy?view=CONSUMER_VIEW  
 
[debug] [2019-05-17T15:53:55.512Z] >>> HTTP REQUEST GET https://servicemanagement.googleapis.com/v1/services/runtimeconfig.googleapis.com/projectSettings/one-sig-uy?view=CONSUMER_VIEW  
 
[debug] [2019-05-17T15:53:57.936Z] <<< HTTP RESPONSE 200
[debug] [2019-05-17T15:53:58.102Z] <<< HTTP RESPONSE 200
[info] +  functions: all necessary APIs are enabled
[debug] [2019-05-17T15:53:58.104Z] >>> HTTP REQUEST GET https://cloudresourcemanager.googleapis.com/v1/projects/one-sig-uy  
 
[debug] [2019-05-17T15:54:00.267Z] <<< HTTP RESPONSE 200
[debug] [2019-05-17T15:54:00.268Z] >>> HTTP REQUEST GET https://mobilesdk-pa.googleapis.com/v1/projects/1059330563850:getServerAppConfig  
 
[debug] [2019-05-17T15:54:01.322Z] <<< HTTP RESPONSE 200
[info] i  functions: preparing functions directory for uploading...
[debug] [2019-05-17T15:54:01.328Z] >>> HTTP REQUEST GET https://runtimeconfig.googleapis.com/v1beta1/projects/one-sig-uy/configs  
 
[debug] [2019-05-17T15:54:02.348Z] <<< HTTP RESPONSE 200
[info] i  functions: packaged functions (28.82 KB) for uploading
[debug] [2019-05-17T15:54:02.614Z] >>> HTTP REQUEST POST https://cloudfunctions.googleapis.com/v1/projects/one-sig-uy/locations/us-central1/functions:generateUploadUrl  
 
[debug] [2019-05-17T15:54:03.430Z] <<< HTTP RESPONSE 200
[debug] [2019-05-17T15:54:03.432Z] >>> HTTP REQUEST PUT https://storage.googleapis.com/gcf-upload-us-central1-ecb9926d-f401-4ce9-a84b-1b17df75bb14/960650a7-6943-4ac0-9da4-422231bd24d5.zip?GoogleAccessId=service-1059330563850@gcf-admin-robot.iam.gserviceaccount.com&Expires=1558110238&Signature=Yhz%2BPfcz7OQj9p6L2Q05v9mhBksgVRgzmjAiIC6cacs9mdgPYD0bdAV%2B96yWzSCy%2Fo0VdsE9J7BNWjIFVXTGTfeqosp6RlBirGeks1hTkszxdC4KNzuCwWL%2FpjVTQ7CepbuWOlXrXaLgn8ZENBqCLcNobt%2Fczfp6wW9qOLStiKQZhojBHvsNggwZY%2FXPEecZRavYbo7W9gv%2BYdLcA30ljsZgOA0baVyN1RwIHf8CFH4iAEOSywuIFSE8yVWZqgfIb6lmGi8UWDH2kpSDDS4qbrxY2Azh67gGA1j6%2BbO4kCf06c9Wd7lZi6AhmVJFpJWbKXHC32DtCEm0%2BYpkvTndEg%3D%3D  

[debug] [2019-05-17T15:54:04.381Z] <<< HTTP RESPONSE 200
[info] +  functions: functions folder uploaded successfully
[debug] [2019-05-17T15:54:04.383Z] >>> HTTP REQUEST GET https://cloudfunctions.googleapis.com/v1/projects/one-sig-uy/locations/-/functions  
 
[debug] [2019-05-17T15:54:05.907Z] <<< HTTP RESPONSE 200
[debug] [2019-05-17T15:54:05.908Z] > [functions] filtering triggers to: [
  "projects/one-sig-uy/locations/us-central1/functions/mercado_pago_webhooks"
]
[info] i  functions: current functions in project: mercado_pago_webhooks(us-central1), sns_ses_marketing(us-central1)
[info] i  functions: uploading functions in project: mercado_pago_webhooks(us-central1)
[info] i  functions: updating Node.js 6 (Deprecated) function mercado_pago_webhooks(us-central1)...
[debug] [2019-05-17T15:54:05.916Z] Trigger is:  {"httpsTrigger":{}}
[debug] [2019-05-17T15:54:05.917Z] >>> HTTP REQUEST GET https://servicemanagement.googleapis.com/v1/services/cloudscheduler.googleapis.com/projectSettings/one-sig-uy?view=CONSUMER_VIEW  
 
[debug] [2019-05-17T15:54:08.105Z] <<< HTTP RESPONSE 200
[debug] [2019-05-17T15:54:08.106Z] >>> HTTP REQUEST PATCH https://cloudfunctions.googleapis.com/v1/projects/one-sig-uy/locations/us-central1/functions/mercado_pago_webhooks {"updateMask":"sourceUploadUrl,name,labels,httpsTrigger"} 

[debug] [2019-05-17T15:54:08.683Z] <<< HTTP RESPONSE 200
[debug] [2019-05-17T15:54:08.684Z] >>> HTTP REQUEST GET https://cloudfunctions.googleapis.com/v1/projects/one-sig-uy/locations/-/functions  
 
[debug] [2019-05-17T15:54:10.155Z] <<< HTTP RESPONSE 200
[debug] [2019-05-17T15:54:10.158Z] >>> HTTP REQUEST GET https://cloudfunctions.googleapis.com/v1/operations/b25lLXNpZy11eS91cy1jZW50cmFsMS9tZXJjYWRvX3BhZ29fd2ViaG9va3MvUjdPUUFfdmxVZ2M  
 
[debug] [2019-05-17T15:54:11.750Z] <<< HTTP RESPONSE 200
[debug] [2019-05-17T15:54:13.752Z] >>> HTTP REQUEST GET https://cloudfunctions.googleapis.com/v1/operations/b25lLXNpZy11eS91cy1jZW50cmFsMS9tZXJjYWRvX3BhZ29fd2ViaG9va3MvUjdPUUFfdmxVZ2M  
 
[debug] [2019-05-17T15:54:14.301Z] <<< HTTP RESPONSE 200
[debug] [2019-05-17T15:54:16.303Z] >>> HTTP REQUEST GET https://cloudfunctions.googleapis.com/v1/operations/b25lLXNpZy11eS91cy1jZW50cmFsMS9tZXJjYWRvX3BhZ29fd2ViaG9va3MvUjdPUUFfdmxVZ2M  
 
[debug] [2019-05-17T15:54:17.615Z] <<< HTTP RESPONSE 200
